mode: set
github.com/aether-arb/aether/internal/grpc/client.go:38.44,40.16 2 1
github.com/aether-arb/aether/internal/grpc/client.go:40.16,42.3 1 1
github.com/aether-arb/aether/internal/grpc/client.go:43.2,43.40 1 1
github.com/aether-arb/aether/internal/grpc/client.go:43.40,44.48 1 1
github.com/aether-arb/aether/internal/grpc/client.go:44.48,46.4 1 1
github.com/aether-arb/aether/internal/grpc/client.go:47.3,47.13 1 1
github.com/aether-arb/aether/internal/grpc/client.go:49.2,49.35 1 1
github.com/aether-arb/aether/internal/grpc/client.go:49.35,51.3 1 1
github.com/aether-arb/aether/internal/grpc/client.go:52.2,53.44 2 1
github.com/aether-arb/aether/internal/grpc/client.go:53.44,55.3 1 1
github.com/aether-arb/aether/internal/grpc/client.go:56.2,56.12 1 1
github.com/aether-arb/aether/internal/grpc/client.go:60.64,61.17 1 1
github.com/aether-arb/aether/internal/grpc/client.go:61.17,63.3 1 1
github.com/aether-arb/aether/internal/grpc/client.go:64.2,69.8 1 1
github.com/aether-arb/aether/internal/grpc/client.go:72.41,74.2 1 1
github.com/aether-arb/aether/internal/grpc/client.go:77.70,78.49 1 1
github.com/aether-arb/aether/internal/grpc/client.go:78.49,80.3 1 1
github.com/aether-arb/aether/internal/grpc/client.go:81.2,82.16 2 1
github.com/aether-arb/aether/internal/grpc/client.go:82.16,84.3 1 1
github.com/aether-arb/aether/internal/grpc/client.go:85.2,86.16 2 1
github.com/aether-arb/aether/internal/grpc/client.go:86.16,88.3 1 0
github.com/aether-arb/aether/internal/grpc/client.go:90.2,95.8 1 1
github.com/aether-arb/aether/internal/grpc/client.go:99.32,101.2 1 1
github.com/aether-arb/aether/internal/grpc/client.go:104.51,106.2 1 1
github.com/aether-arb/aether/internal/grpc/client.go:109.57,111.2 1 1
github.com/aether-arb/aether/internal/grpc/client.go:114.59,116.2 1 1
github.com/aether-arb/aether/internal/grpc/client.go:119.84,123.2 3 1
github.com/aether-arb/aether/internal/grpc/client.go:128.112,132.2 1 1
github.com/aether-arb/aether/internal/grpc/client.go:135.97,137.12 2 1
github.com/aether-arb/aether/internal/grpc/client.go:137.12,139.3 1 1
github.com/aether-arb/aether/internal/grpc/client.go:140.2,140.40 1 1
github.com/aether-arb/aether/internal/grpc/client.go:144.115,151.2 3 1
github.com/aether-arb/aether/internal/grpc/client.go:154.105,160.2 3 1
github.com/aether-arb/aether/internal/grpc/tls.go:24.43,30.2 1 1
github.com/aether-arb/aether/internal/grpc/tls.go:32.38,34.2 1 1
github.com/aether-arb/aether/internal/grpc/tls.go:36.37,38.58 2 1
github.com/aether-arb/aether/internal/grpc/tls.go:38.58,40.3 1 1
github.com/aether-arb/aether/internal/grpc/tls.go:41.2,42.19 2 1
github.com/aether-arb/aether/internal/grpc/tls.go:45.30,48.2 2 1
github.com/aether-arb/aether/internal/grpc/tls.go:50.105,51.25 1 1
github.com/aether-arb/aether/internal/grpc/tls.go:51.25,53.3 1 1
github.com/aether-arb/aether/internal/grpc/tls.go:54.2,54.25 1 1
github.com/aether-arb/aether/internal/grpc/tls.go:54.25,56.3 1 1
github.com/aether-arb/aether/internal/grpc/tls.go:57.2,57.77 1 1
github.com/aether-arb/aether/internal/grpc/tls.go:57.77,59.17 2 1
github.com/aether-arb/aether/internal/grpc/tls.go:59.17,61.4 1 1
github.com/aether-arb/aether/internal/grpc/tls.go:62.3,62.41 1 1
github.com/aether-arb/aether/internal/grpc/tls.go:64.2,64.25 1 1
github.com/aether-arb/aether/internal/grpc/tls.go:64.25,66.3 1 1
github.com/aether-arb/aether/internal/grpc/tls.go:67.2,68.39 2 1
github.com/aether-arb/aether/internal/grpc/tls.go:71.65,73.26 2 1
github.com/aether-arb/aether/internal/grpc/tls.go:73.26,75.17 2 1
github.com/aether-arb/aether/internal/grpc/tls.go:75.17,77.4 1 1
github.com/aether-arb/aether/internal/grpc/tls.go:78.3,79.38 2 1
github.com/aether-arb/aether/internal/grpc/tls.go:79.38,81.4 1 1
github.com/aether-arb/aether/internal/grpc/tls.go:82.3,82.24 1 1
github.com/aether-arb/aether/internal/grpc/tls.go:84.2,84.53 1 1
github.com/aether-arb/aether/internal/grpc/tls.go:84.53,86.17 2 1
github.com/aether-arb/aether/internal/grpc/tls.go:86.17,88.4 1 1
github.com/aether-arb/aether/internal/grpc/tls.go:89.3,89.48 1 1
github.com/aether-arb/aether/internal/grpc/tls.go:91.2,91.20 1 1
